#
# There is insufficient memory for the Java Runtime Environment to continue.
# Native memory allocation (malloc) failed to allocate 356496 bytes for Chunk::new
# Possible reasons:
#   The system is out of physical RAM or swap space
#   The process is running with CompressedOops enabled, and the Java Heap may be blocking the growth of the native heap
# Possible solutions:
#   Reduce memory load on the system
#   Increase physical memory or swap space
#   Check if swap backing store is full
#   Decrease Java heap size (-Xmx/-Xms)
#   Decrease number of Java threads
#   Decrease Java thread stack sizes (-Xss)
#   Set larger code cache with -XX:ReservedCodeCacheSize=
#   JVM is running with Unscaled Compressed Oops mode in which the Java heap is
#     placed in the first 4GB address space. The Java Heap base address is the
#     maximum limit for the native heap growth. Please use -XX:HeapBaseMinAddress
#     to set the Java Heap base and to place the Java Heap above 4GB virtual address.
# This output file may be truncated or incomplete.
#
#  Out of Memory Error (allocation.cpp:389), pid=7488, tid=0x00000000000018e4
#
# JRE version: OpenJDK Runtime Environment (8.0_242-b01) (build 1.8.0_242-release-1644-b01)
# Java VM: OpenJDK 64-Bit Server VM (25.242-b01 mixed mode windows-amd64 compressed oops)
# Failed to write core dump. Minidumps are not enabled by default on client versions of Windows
#

---------------  T H R E A D  ---------------

Current thread (0x00000000163c7000):  JavaThread "C2 CompilerThread0" daemon [_thread_in_native, id=6372, stack(0x0000000017a20000,0x0000000017b20000)]

Stack: [0x0000000017a20000,0x0000000017b20000]
[error occurred during error reporting (printing stack bounds), id 0xc0000005]

Native frames: (J=compiled Java code, j=interpreted, Vv=VM code, C=native code)


Current CompileTask:
C2: 145184 6905       4       com.sun.org.apache.xerces.internal.utils.XMLLimitAnalyzer::addValue (260 bytes)


---------------  P R O C E S S  ---------------

Java Threads: ( => current thread )
  0x00000000184f3800 JavaThread "Cache worker for file content cache (D:\MATERI KULIAH\Praktikum Mobile\praktikum_mobile\android\.gradle\5.6.2\fileContent)" [_thread_blocked, id=8628, stack(0x0000000023080000,0x0000000023180000)]
  0x00000000184f5000 JavaThread "Cache worker for file content cache (C:\Users\LENOVO\.gradle\caches\5.6.2\fileContent)" [_thread_blocked, id=9056, stack(0x0000000022f80000,0x0000000023080000)]
  0x00000000184f9800 JavaThread "Memory manager" [_thread_blocked, id=5860, stack(0x0000000022c80000,0x0000000022d80000)]
  0x00000000184f4000 JavaThread "Cache worker for Build Output Cleanup Cache (D:\MATERI KULIAH\Praktikum Mobile\praktikum_mobile\android\.gradle\buildOutputCleanup)" [_thread_blocked, id=2848, stack(0x000000001ab70000,0x000000001ac70000)]
  0x00000000184f8000 JavaThread "Build operations Thread 4" [_thread_blocked, id=4292, stack(0x000000001f9e0000,0x000000001fae0000)]
  0x00000000184f8800 JavaThread "Build operations Thread 3" [_thread_blocked, id=6572, stack(0x000000001f8e0000,0x000000001f9e0000)]
  0x00000000184f7000 JavaThread "Build operations Thread 2" [_thread_blocked, id=4104, stack(0x0000000000e10000,0x0000000000f10000)]
  0x00000000184f6800 JavaThread "Build operations" [_thread_blocked, id=9696, stack(0x0000000000d10000,0x0000000000e10000)]
  0x00000000184fa000 JavaThread "Cache worker for execution history cache (C:\Users\LENOVO\.gradle\caches\5.6.2\executionHistory)" [_thread_blocked, id=6388, stack(0x000000001f5e0000,0x000000001f6e0000)]
  0x00000000197a2800 JavaThread "Cache worker for cache directory md-rule (C:\Users\LENOVO\.gradle\caches\5.6.2\md-rule)" [_thread_blocked, id=8144, stack(0x000000001f2e0000,0x000000001f3e0000)]
  0x00000000197a2000 JavaThread "Cache worker for cache directory md-supplier (C:\Users\LENOVO\.gradle\caches\5.6.2\md-supplier)" [_thread_blocked, id=9428, stack(0x000000001f1e0000,0x000000001f2e0000)]
  0x000000001979e000 JavaThread "Cache worker for file hash cache (D:\MATERI KULIAH\Praktikum Mobile\praktikum_mobile\android\.gradle\5.6.2\fileHashes)" [_thread_blocked, id=328, stack(0x000000001d510000,0x000000001d610000)]
  0x000000001979d800 JavaThread "Cache worker for journal cache (C:\Users\LENOVO\.gradle\caches\journal-1)" [_thread_blocked, id=5724, stack(0x000000001af70000,0x000000001b070000)]
  0x000000001979f000 JavaThread "File lock request listener" [_thread_in_native, id=8320, stack(0x000000001ae70000,0x000000001af70000)]
  0x00000000196dc800 JavaThread "Cache worker for file hash cache (C:\Users\LENOVO\.gradle\caches\5.6.2\fileHashes)" [_thread_blocked, id=3892, stack(0x000000001ad70000,0x000000001ae70000)]
  0x0000000017d26800 JavaThread "Thread-9" [_thread_blocked, id=7088, stack(0x000000001ac70000,0x000000001ad70000)]
  0x0000000017e00000 JavaThread "Asynchronous log dispatcher for DefaultDaemonConnection: socket connection from /127.0.0.1:61855 to /127.0.0.1:61856" [_thread_blocked, id=2500, stack(0x000000001aa70000,0x000000001ab70000)]
  0x000000001890b800 JavaThread "Daemon worker" [_thread_in_native, id=9160, stack(0x000000001a970000,0x000000001aa70000)]
  0x0000000017f9e800 JavaThread "Cancel handler" [_thread_blocked, id=9168, stack(0x000000001a870000,0x000000001a970000)]
  0x0000000017f61000 JavaThread "Handler for socket connection from /127.0.0.1:61855 to /127.0.0.1:61856" [_thread_in_native, id=4588, stack(0x000000001a570000,0x000000001a670000)]
  0x00000000191b9000 JavaThread "Daemon" [_thread_blocked, id=4964, stack(0x000000001a470000,0x000000001a570000)]
  0x0000000017f60000 JavaThread "Daemon periodic checks" [_thread_blocked, id=6952, stack(0x000000001a370000,0x000000001a470000)]
  0x0000000018c48000 JavaThread "Incoming local TCP Connector on port 61855" [_thread_in_native, id=7432, stack(0x000000001a130000,0x000000001a230000)]
  0x0000000018779000 JavaThread "Daemon health stats" [_thread_blocked, id=8504, stack(0x0000000019af0000,0x0000000019bf0000)]
  0x0000000017d49000 JavaThread "Service Thread" daemon [_thread_blocked, id=5264, stack(0x0000000018120000,0x0000000018220000)]
  0x0000000016406000 JavaThread "C1 CompilerThread2" daemon [_thread_blocked, id=10112, stack(0x0000000017c20000,0x0000000017d20000)]
  0x00000000163ca000 JavaThread "C2 CompilerThread1" daemon [_thread_blocked, id=6764, stack(0x0000000017b20000,0x0000000017c20000)]
=>0x00000000163c7000 JavaThread "C2 CompilerThread0" daemon [_thread_in_native, id=6372, stack(0x0000000017a20000,0x0000000017b20000)]
  0x00000000163c5000 JavaThread "Attach Listener" daemon [_thread_blocked, id=7376, stack(0x0000000017920000,0x0000000017a20000)]
  0x00000000163c4000 JavaThread "Signal Dispatcher" daemon [_thread_blocked, id=6580, stack(0x0000000017820000,0x0000000017920000)]
  0x0000000002946800 JavaThread "Finalizer" daemon [_thread_blocked, id=8044, stack(0x0000000017620000,0x0000000017720000)]
  0x00000000163a9000 JavaThread "Reference Handler" daemon [_thread_blocked, id=9788, stack(0x0000000017520000,0x0000000017620000)]
  0x0000000002852800 JavaThread "main" [_thread_blocked, id=7064, stack(0x00000000026f0000,0x00000000027f0000)]

Other Threads:
  0x0000000016388000 VMThread [stack: 0x0000000017420000,0x0000000017520000] [id=1604]
  0x0000000017d4c000 WatcherThread [stack: 0x0000000018220000,0x0000000018320000] [id=8668]

VM state:not at safepoint (normal execution)

VM Mutex/Monitor currently owned by a thread: None

heap address: 0x00000000a0000000, size: 1536 MB, Compressed Oops mode: 32-bit
Narrow klass base: 0x0000000000000000, Narrow klass shift: 3
Compressed class space size: 1073741824 Address: 0x0000000100000000

Heap:
 PSYoungGen      total 67584K, used 41067K [0x00000000e0000000, 0x00000000e4c80000, 0x0000000100000000)
  eden space 60928K, 57% used [0x00000000e0000000,0x00000000e222c328,0x00000000e3b80000)
  from space 6656K, 91% used [0x00000000e4600000,0x00000000e4beeb70,0x00000000e4c80000)
  to   space 8704K, 0% used [0x00000000e3b80000,0x00000000e3b80000,0x00000000e4400000)
 ParOldGen       total 84992K, used 34558K [0x00000000a0000000, 0x00000000a5300000, 0x00000000e0000000)
  object space 84992K, 40% used [0x00000000a0000000,0x00000000a21bfa70,0x00000000a5300000)
 Metaspace       used 64034K, capacity 66092K, committed 66324K, reserved 1105920K
  class space    used 8703K, capacity 9258K, committed 9276K, reserved 1048576K

Card table byte_map: [0x0000000011e10000,0x0000000012120000] byte_map_base: 0x0000000011910000

Marking Bits: (ParMarkBitMap*) 0x00000000596ef030
 Begin Bits: [0x0000000012720000, 0x0000000013f20000)
 End Bits:   [0x0000000013f20000, 0x0000000015720000)

Polling page: 0x00000000027f0000

CodeCache: size=245760Kb used=20131Kb max_used=20142Kb free=225628Kb
 bounds [0x0000000002a50000, 0x0000000003e20000, 0x0000000011a50000]
 total_blobs=6798 nmethods=5953 adapters=759
 compilation: enabled

Compilation events (10 events):
Event: 144.712 Thread 0x0000000016406000 6938       3       com.sun.org.apache.xerces.internal.util.ParserConfigurationSettings::addRecognizedFeatures (56 bytes)
Event: 144.713 Thread 0x0000000016406000 nmethod 6938 0x0000000003d40890 code [0x0000000003d40a20, 0x0000000003d40e98]
Event: 144.713 Thread 0x0000000016406000 6939       3       com.sun.org.apache.xerces.internal.impl.XMLEntityManager$RewindableInputStream::read (144 bytes)
Event: 144.714 Thread 0x0000000016406000 nmethod 6939 0x0000000003d3ffd0 code [0x0000000003d40160, 0x0000000003d40698]
Event: 144.714 Thread 0x0000000016406000 6940       3       com.sun.org.apache.xerces.internal.impl.XMLEntityScanner::invokeListeners (37 bytes)
Event: 144.715 Thread 0x0000000016406000 nmethod 6940 0x0000000003df86d0 code [0x0000000003df88a0, 0x0000000003df90d8]
Event: 144.717 Thread 0x00000000163ca000 nmethod 6915 0x0000000003df7d90 code [0x0000000003df7ee0, 0x0000000003df81b8]
Event: 144.717 Thread 0x00000000163ca000 6941       4       com.sun.org.apache.xerces.internal.dom.ParentNode::nodeListItem (226 bytes)
Event: 144.718 Thread 0x0000000016406000 6943       3       sun.security.jca.GetInstance::checkSuperClass (68 bytes)
Event: 144.719 Thread 0x0000000016406000 nmethod 6943 0x0000000003e00d90 code [0x0000000003e00fe0, 0x0000000003e01f28]

GC Heap History (10 events):
Event: 123.166 GC heap before
{Heap before GC invocations=33 (full 2):
 PSYoungGen      total 55808K, used 52191K [0x00000000e0000000, 0x00000000e3f80000, 0x0000000100000000)
  eden space 47616K, 100% used [0x00000000e0000000,0x00000000e2e80000,0x00000000e2e80000)
  from space 8192K, 55% used [0x00000000e3780000,0x00000000e3bf7fd0,0x00000000e3f80000)
  to   space 8704K, 0% used [0x00000000e2e80000,0x00000000e2e80000,0x00000000e3700000)
 ParOldGen       total 51712K, used 32767K [0x00000000a0000000, 0x00000000a3280000, 0x00000000e0000000)
  object space 51712K, 63% used [0x00000000a0000000,0x00000000a1fffc08,0x00000000a3280000)
 Metaspace       used 55779K, capacity 57506K, committed 57688K, reserved 1099776K
  class space    used 7554K, capacity 8049K, committed 8064K, reserved 1048576K
Event: 123.184 GC heap after
Heap after GC invocations=33 (full 2):
 PSYoungGen      total 56320K, used 4889K [0x00000000e0000000, 0x00000000e4700000, 0x0000000100000000)
  eden space 47616K, 0% used [0x00000000e0000000,0x00000000e0000000,0x00000000e2e80000)
  from space 8704K, 56% used [0x00000000e2e80000,0x00000000e3346560,0x00000000e3700000)
  to   space 8704K, 0% used [0x00000000e3e80000,0x00000000e3e80000,0x00000000e4700000)
 ParOldGen       total 51712K, used 34327K [0x00000000a0000000, 0x00000000a3280000, 0x00000000e0000000)
  object space 51712K, 66% used [0x00000000a0000000,0x00000000a2185c18,0x00000000a3280000)
 Metaspace       used 55779K, capacity 57506K, committed 57688K, reserved 1099776K
  class space    used 7554K, capacity 8049K, committed 8064K, reserved 1048576K
}
Event: 126.558 GC heap before
{Heap before GC invocations=34 (full 2):
 PSYoungGen      total 56320K, used 52505K [0x00000000e0000000, 0x00000000e4700000, 0x0000000100000000)
  eden space 47616K, 100% used [0x00000000e0000000,0x00000000e2e80000,0x00000000e2e80000)
  from space 8704K, 56% used [0x00000000e2e80000,0x00000000e3346560,0x00000000e3700000)
  to   space 8704K, 0% used [0x00000000e3e80000,0x00000000e3e80000,0x00000000e4700000)
 ParOldGen       total 51712K, used 34327K [0x00000000a0000000, 0x00000000a3280000, 0x00000000e0000000)
  object space 51712K, 66% used [0x00000000a0000000,0x00000000a2185c18,0x00000000a3280000)
 Metaspace       used 57193K, capacity 58944K, committed 59028K, reserved 1099776K
  class space    used 7800K, capacity 8330K, committed 8380K, reserved 1048576K
Event: 126.579 GC heap after
Heap after GC invocations=34 (full 2):
 PSYoungGen      total 61952K, used 4079K [0x00000000e0000000, 0x00000000e4580000, 0x0000000100000000)
  eden space 54784K, 0% used [0x00000000e0000000,0x00000000e0000000,0x00000000e3580000)
  from space 7168K, 56% used [0x00000000e3e80000,0x00000000e427bef8,0x00000000e4580000)
  to   space 8192K, 0% used [0x00000000e3580000,0x00000000e3580000,0x00000000e3d80000)
 ParOldGen       total 51712K, used 37774K [0x00000000a0000000, 0x00000000a3280000, 0x00000000e0000000)
  object space 51712K, 73% used [0x00000000a0000000,0x00000000a24e38c0,0x00000000a3280000)
 Metaspace       used 57193K, capacity 58944K, committed 59028K, reserved 1099776K
  class space    used 7800K, capacity 8330K, committed 8380K, reserved 1048576K
}
Event: 127.186 GC heap before
{Heap before GC invocations=35 (full 2):
 PSYoungGen      total 61952K, used 5170K [0x00000000e0000000, 0x00000000e4580000, 0x0000000100000000)
  eden space 54784K, 1% used [0x00000000e0000000,0x00000000e0110918,0x00000000e3580000)
  from space 7168K, 56% used [0x00000000e3e80000,0x00000000e427bef8,0x00000000e4580000)
  to   space 8192K, 0% used [0x00000000e3580000,0x00000000e3580000,0x00000000e3d80000)
 ParOldGen       total 51712K, used 37774K [0x00000000a0000000, 0x00000000a3280000, 0x00000000e0000000)
  object space 51712K, 73% used [0x00000000a0000000,0x00000000a24e38c0,0x00000000a3280000)
 Metaspace       used 57252K, capacity 58944K, committed 59028K, reserved 1099776K
  class space    used 7805K, capacity 8330K, committed 8380K, reserved 1048576K
Event: 127.195 GC heap after
Heap after GC invocations=35 (full 2):
 PSYoungGen      total 62976K, used 160K [0x00000000e0000000, 0x00000000e4e80000, 0x0000000100000000)
  eden space 54784K, 0% used [0x00000000e0000000,0x00000000e0000000,0x00000000e3580000)
  from space 8192K, 1% used [0x00000000e3580000,0x00000000e35a8000,0x00000000e3d80000)
  to   space 8704K, 0% used [0x00000000e4600000,0x00000000e4600000,0x00000000e4e80000)
 ParOldGen       total 51712K, used 40853K [0x00000000a0000000, 0x00000000a3280000, 0x00000000e0000000)
  object space 51712K, 79% used [0x00000000a0000000,0x00000000a27e5600,0x00000000a3280000)
 Metaspace       used 57252K, capacity 58944K, committed 59028K, reserved 1099776K
  class space    used 7805K, capacity 8330K, committed 8380K, reserved 1048576K
}
Event: 127.195 GC heap before
{Heap before GC invocations=36 (full 3):
 PSYoungGen      total 62976K, used 160K [0x00000000e0000000, 0x00000000e4e80000, 0x0000000100000000)
  eden space 54784K, 0% used [0x00000000e0000000,0x00000000e0000000,0x00000000e3580000)
  from space 8192K, 1% used [0x00000000e3580000,0x00000000e35a8000,0x00000000e3d80000)
  to   space 8704K, 0% used [0x00000000e4600000,0x00000000e4600000,0x00000000e4e80000)
 ParOldGen       total 51712K, used 40853K [0x00000000a0000000, 0x00000000a3280000, 0x00000000e0000000)
  object space 51712K, 79% used [0x00000000a0000000,0x00000000a27e5600,0x00000000a3280000)
 Metaspace       used 57252K, capacity 58944K, committed 59028K, reserved 1099776K
  class space    used 7805K, capacity 8330K, committed 8380K, reserved 1048576K
Event: 127.878 GC heap after
Heap after GC invocations=36 (full 3):
 PSYoungGen      total 62976K, used 0K [0x00000000e0000000, 0x00000000e4e80000, 0x0000000100000000)
  eden space 54784K, 0% used [0x00000000e0000000,0x00000000e0000000,0x00000000e3580000)
  from space 8192K, 0% used [0x00000000e3580000,0x00000000e3580000,0x00000000e3d80000)
  to   space 8704K, 0% used [0x00000000e4600000,0x00000000e4600000,0x00000000e4e80000)
 ParOldGen       total 84992K, used 34550K [0x00000000a0000000, 0x00000000a5300000, 0x00000000e0000000)
  object space 84992K, 40% used [0x00000000a0000000,0x00000000a21bda70,0x00000000a5300000)
 Metaspace       used 57252K, capacity 58944K, committed 59028K, reserved 1099776K
  class space    used 7805K, capacity 8330K, committed 8380K, reserved 1048576K
}
Event: 136.144 GC heap before
{Heap before GC invocations=37 (full 3):
 PSYoungGen      total 62976K, used 54784K [0x00000000e0000000, 0x00000000e4e80000, 0x0000000100000000)
  eden space 54784K, 100% used [0x00000000e0000000,0x00000000e3580000,0x00000000e3580000)
  from space 8192K, 0% used [0x00000000e3580000,0x00000000e3580000,0x00000000e3d80000)
  to   space 8704K, 0% used [0x00000000e4600000,0x00000000e4600000,0x00000000e4e80000)
 ParOldGen       total 84992K, used 34550K [0x00000000a0000000, 0x00000000a5300000, 0x00000000e0000000)
  object space 84992K, 40% used [0x00000000a0000000,0x00000000a21bda70,0x00000000a5300000)
 Metaspace       used 60804K, capacity 62708K, committed 62868K, reserved 1103872K
  class space    used 8349K, capacity 8888K, committed 8892K, reserved 1048576K
Event: 136.168 GC heap after
Heap after GC invocations=37 (full 3):
 PSYoungGen      total 67584K, used 6074K [0x00000000e0000000, 0x00000000e4c80000, 0x0000000100000000)
  eden space 60928K, 0% used [0x00000000e0000000,0x00000000e0000000,0x00000000e3b80000)
  from space 6656K, 91% used [0x00000000e4600000,0x00000000e4beeb70,0x00000000e4c80000)
  to   space 8704K, 0% used [0x00000000e3b80000,0x00000000e3b80000,0x00000000e4400000)
 ParOldGen       total 84992K, used 34558K [0x00000000a0000000, 0x00000000a5300000, 0x00000000e0000000)
  object space 84992K, 40% used [0x00000000a0000000,0x00000000a21bfa70,0x00000000a5300000)
 Metaspace       used 60804K, capacity 62708K, committed 62868K, reserved 1103872K
  class space    used 8349K, capacity 8888K, committed 8892K, reserved 1048576K
}

Deoptimization events (10 events):
Event: 141.127 Thread 0x00000000184f8000 Uncommon trap: reason=unstable_if action=reinterpret pc=0x000000000303112c method=java.lang.CharacterDataLatin1.digit(II)I @ 60
Event: 141.127 Thread 0x00000000184f8800 Uncommon trap: reason=unstable_if action=reinterpret pc=0x00000000031d47a4 method=java.lang.CharacterDataLatin1.digit(II)I @ 60
Event: 141.175 Thread 0x00000000184f7000 Uncommon trap: reason=unstable_if action=reinterpret pc=0x00000000039b9a94 method=org.gradle.internal.time.MonotonicClock.advance(J)J @ 25
Event: 141.796 Thread 0x000000001890b800 Uncommon trap: reason=unstable_if action=reinterpret pc=0x0000000003a874ac method=com.sun.org.apache.xerces.internal.util.SymbolTable.addSymbol([CII)Ljava/lang/String; @ 64
Event: 141.810 Thread 0x00000000184f8000 Uncommon trap: reason=unstable_if action=reinterpret pc=0x00000000036b8b40 method=com.sun.org.apache.xerces.internal.impl.XMLEntityScanner.skipSpaces()Z @ 273
Event: 141.823 Thread 0x00000000184f8800 Uncommon trap: reason=unstable_if action=reinterpret pc=0x0000000002ffb82c method=com.sun.org.apache.xerces.internal.dom.DeferredDocumentImpl.getNodeType(IZ)S @ 20
Event: 141.824 Thread 0x000000001890b800 Uncommon trap: reason=unstable_if action=reinterpret pc=0x0000000002ffb82c method=com.sun.org.apache.xerces.internal.dom.DeferredDocumentImpl.getNodeType(IZ)S @ 20
Event: 141.985 Thread 0x00000000184f8800 Uncommon trap: reason=unstable_if action=reinterpret pc=0x0000000002eec2ac method=com.sun.org.apache.xerces.internal.dom.DeferredDocumentImpl.getRealPrevSibling(IZ)I @ 20
Event: 143.514 Thread 0x00000000184f8800 Uncommon trap: reason=speculate_class_check action=maybe_recompile pc=0x00000000030463f4 method=java.util.HashMap.putVal(ILjava/lang/Object;Ljava/lang/Object;ZZ)Ljava/lang/Object; @ 295
Event: 143.514 Thread 0x00000000184f8800 Uncommon trap: reason=speculate_class_check action=maybe_recompile pc=0x00000000030463f4 method=java.util.HashMap.putVal(ILjava/lang/Object;Ljava/lang/Object;ZZ)Ljava/lang/Object; @ 295

Classes redefined (0 events):
No events

Internal exceptions (10 events):
Event: 125.726 Thread 0x000000001890b800 Exception <a 'java/lang/NoSuchMethodError': java.lang.Object.lambda$static$3(Ljava/util/Set;Ljava/util/Set;)Z> (0x00000000e28c8ac0) thrown at [C:\src\AOSP-openjdk-git\hotspot\src\share\vm\interpreter\linkResolver.cpp, line 620]
Event: 125.728 Thread 0x000000001890b800 Exception <a 'java/lang/NoSuchMethodError': java.lang.Object.lambda$static$4(Ljava/util/Set;Ljava/util/Set;)Z> (0x00000000e28cb600) thrown at [C:\src\AOSP-openjdk-git\hotspot\src\share\vm\interpreter\linkResolver.cpp, line 620]
Event: 126.957 Thread 0x000000001890b800 Exception <a 'java/lang/ClassNotFoundException': com/sun/org/glassfish/hk2/osgiresourcelocator/ServiceLoader> (0x00000000e0047708) thrown at [C:\src\AOSP-openjdk-git\hotspot\src\share\vm\classfile\systemDictionary.cpp, line 210]
Event: 129.321 Thread 0x000000001890b800 Exception <a 'java/lang/NullPointerException'> (0x00000000e05712f0) thrown at [C:\src\AOSP-openjdk-git\hotspot\src\share\vm\interpreter\linkResolver.cpp, line 1287]
Event: 133.842 Thread 0x000000001890b800 Implicit null exception at 0x0000000002c98e19 to 0x0000000002c991c5
Event: 134.093 Thread 0x00000000184f8000 Implicit null exception at 0x0000000002f878ce to 0x0000000002f87db1
Event: 134.093 Thread 0x00000000184f7000 Implicit null exception at 0x0000000002f878ce to 0x0000000002f87db1
Event: 134.093 Thread 0x000000001890b800 Implicit null exception at 0x0000000002f878ce to 0x0000000002f87db1
Event: 140.750 Thread 0x00000000184f7000 Implicit null exception at 0x000000000300c958 to 0x000000000300ca8d
Event: 140.750 Thread 0x00000000184f8800 Implicit null exception at 0x000000000300c958 to 0x000000000300ca8d

Events (10 events):
Event: 144.653 loading class org/gradle/api/internal/file/DefaultFileVisitDetails
Event: 144.653 loading class org/gradle/api/internal/file/DefaultFileVisitDetails done
Event: 144.654 Thread 0x00000000184f7000 DEOPT PACKING pc=0x0000000003d60920 sp=0x0000000000f0c970
Event: 144.654 Thread 0x00000000184f7000 DEOPT UNPACKING pc=0x0000000002a971d0 sp=0x0000000000f0c6c8 mode 0
Event: 144.655 loading class org/gradle/api/internal/file/DefaultFileTreeElement
Event: 144.655 loading class org/gradle/api/internal/file/DefaultFileTreeElement done
Event: 144.656 loading class org/gradle/api/internal/file/AbstractFileTreeElement
Event: 144.656 loading class org/gradle/api/internal/file/AbstractFileTreeElement done
Event: 144.657 loading class org/gradle/api/internal/file/AbstractFileTreeElement$CopyFileElementException
Event: 144.657 loading class org/gradle/api/internal/file/AbstractFileTreeElement$CopyFileElementException done


Dynamic libraries:
0x00007ff7521f0000 - 0x00007ff752221000 	C:\Program Files\Android\Android Studio\jre\bin\java.exe
0x00007ffce63e0000 - 0x00007ffce65d0000 	C:\Windows\SYSTEM32\ntdll.dll
0x00007ffce55e0000 - 0x00007ffce5692000 	C:\Windows\System32\KERNEL32.DLL
0x00007ffce4090000 - 0x00007ffce4335000 	C:\Windows\System32\KERNELBASE.dll
0x00007ffce62f0000 - 0x00007ffce6393000 	C:\Windows\System32\ADVAPI32.dll
0x00007ffce5a30000 - 0x00007ffce5ace000 	C:\Windows\System32\msvcrt.dll
0x00007ffce45f0000 - 0x00007ffce4687000 	C:\Windows\System32\sechost.dll
0x00007ffce4f60000 - 0x00007ffce5080000 	C:\Windows\System32\RPCRT4.dll
0x00007ffce5830000 - 0x00007ffce59c4000 	C:\Windows\System32\USER32.dll
0x00007ffce3cd0000 - 0x00007ffce3cf1000 	C:\Windows\System32\win32u.dll
0x00007ffce46a0000 - 0x00007ffce46c6000 	C:\Windows\System32\GDI32.dll
0x00007ffce3e40000 - 0x00007ffce3fd6000 	C:\Windows\System32\gdi32full.dll
0x00007ffce3ae0000 - 0x00007ffce3b7e000 	C:\Windows\System32\msvcp_win.dll
0x00007ffce3bd0000 - 0x00007ffce3cca000 	C:\Windows\System32\ucrtbase.dll
0x00007ffcd4f40000 - 0x00007ffcd51c4000 	C:\Windows\WinSxS\amd64_microsoft.windows.common-controls_6595b64144ccf1df_6.0.18362.1256_none_9e7e379be45e40e2\COMCTL32.dll
0x00007ffce5080000 - 0x00007ffce53b6000 	C:\Windows\System32\combase.dll
0x00007ffce3d90000 - 0x00007ffce3e11000 	C:\Windows\System32\bcryptPrimitives.dll
0x00007ffce4900000 - 0x00007ffce492e000 	C:\Windows\System32\IMM32.DLL
0x00000000599c0000 - 0x0000000059a92000 	C:\Program Files\Android\Android Studio\jre\jre\bin\msvcr100.dll
0x0000000058f20000 - 0x000000005976b000 	C:\Program Files\Android\Android Studio\jre\jre\bin\server\jvm.dll
0x00007ffce4690000 - 0x00007ffce4698000 	C:\Windows\System32\PSAPI.DLL
0x00007ffce0bc0000 - 0x00007ffce0be4000 	C:\Windows\SYSTEM32\WINMM.dll
0x00007ffcd4a00000 - 0x00007ffcd4a09000 	C:\Windows\SYSTEM32\WSOCK32.dll
0x00007ffce4e70000 - 0x00007ffce4edf000 	C:\Windows\System32\WS2_32.dll
0x00007ffcdad50000 - 0x00007ffcdad5a000 	C:\Windows\SYSTEM32\VERSION.dll
0x00007ffce0b60000 - 0x00007ffce0b8d000 	C:\Windows\SYSTEM32\WINMMBASE.dll
0x00007ffce3b80000 - 0x00007ffce3bca000 	C:\Windows\System32\cfgmgr32.dll
0x00007ffcd6490000 - 0x00007ffcd649f000 	C:\Program Files\Android\Android Studio\jre\jre\bin\verify.dll
0x00007ffcd6460000 - 0x00007ffcd6489000 	C:\Program Files\Android\Android Studio\jre\jre\bin\java.dll
0x00007ffcd6440000 - 0x00007ffcd6456000 	C:\Program Files\Android\Android Studio\jre\jre\bin\zip.dll
0x00007ffce5c00000 - 0x00007ffce62e7000 	C:\Windows\System32\SHELL32.dll
0x00007ffce5760000 - 0x00007ffce5809000 	C:\Windows\System32\shcore.dll
0x00007ffce3350000 - 0x00007ffce3ad1000 	C:\Windows\System32\windows.storage.dll
0x00007ffce32e0000 - 0x00007ffce3303000 	C:\Windows\System32\profapi.dll
0x00007ffce3290000 - 0x00007ffce32da000 	C:\Windows\System32\powrprof.dll
0x00007ffce3280000 - 0x00007ffce3290000 	C:\Windows\System32\UMPDC.dll
0x00007ffce5700000 - 0x00007ffce5752000 	C:\Windows\System32\shlwapi.dll
0x00007ffce3310000 - 0x00007ffce3321000 	C:\Windows\System32\kernel.appcore.dll
0x00007ffce3e20000 - 0x00007ffce3e37000 	C:\Windows\System32\cryptsp.dll
0x00007ffcd42d0000 - 0x00007ffcd42ea000 	C:\Program Files\Android\Android Studio\jre\jre\bin\net.dll
0x00007ffce2a70000 - 0x00007ffce2ad7000 	C:\Windows\system32\mswsock.dll
0x00007ffcc2ad0000 - 0x00007ffcc2ae3000 	C:\Program Files\Android\Android Studio\jre\jre\bin\nio.dll
0x00007ffcc8c00000 - 0x00007ffcc8c26000 	C:\Users\LENOVO\.gradle\native\30\windows-amd64\native-platform.dll
0x00007ffccd290000 - 0x00007ffccd29d000 	C:\Program Files\Android\Android Studio\jre\jre\bin\management.dll
0x00007ffce25e0000 - 0x00007ffce2613000 	C:\Windows\system32\rsaenh.dll
0x00007ffce3d00000 - 0x00007ffce3d26000 	C:\Windows\System32\bcrypt.dll
0x00007ffce31a0000 - 0x00007ffce31c5000 	C:\Windows\SYSTEM32\USERENV.dll
0x00007ffce2c40000 - 0x00007ffce2c4c000 	C:\Windows\SYSTEM32\CRYPTBASE.dll
0x00007ffce2780000 - 0x00007ffce27ba000 	C:\Windows\SYSTEM32\IPHLPAPI.DLL
0x00007ffce53c0000 - 0x00007ffce53c8000 	C:\Windows\System32\NSI.dll
0x00007ffcdd0a0000 - 0x00007ffcdd0b6000 	C:\Windows\SYSTEM32\dhcpcsvc6.DLL
0x00007ffcdd080000 - 0x00007ffcdd09c000 	C:\Windows\SYSTEM32\dhcpcsvc.DLL
0x00007ffce27c0000 - 0x00007ffce288b000 	C:\Windows\SYSTEM32\DNSAPI.dll
0x00007ffcc3490000 - 0x00007ffcc34b4000 	C:\Program Files\Android\Android Studio\jre\jre\bin\sunec.dll
0x000000005a990000 - 0x000000005a9b6000 	C:\Program Files\Bonjour\mdnsNSP.dll
0x00007ffcd9980000 - 0x00007ffcd998a000 	C:\Windows\System32\rasadhlp.dll
0x00007ffcdb6f0000 - 0x00007ffcdb767000 	C:\Windows\System32\fwpuclnt.dll
0x00007ffcde9c0000 - 0x00007ffcde9cb000 	C:\Program Files\Android\Android Studio\jre\jre\bin\sunmscapi.dll
0x00007ffce4340000 - 0x00007ffce4489000 	C:\Windows\System32\CRYPT32.dll
0x00007ffce3330000 - 0x00007ffce3342000 	C:\Windows\System32\MSASN1.dll

VM Arguments:
jvm_args: -Xmx1536M -Dfile.encoding=windows-1252 -Duser.country=US -Duser.language=en -Duser.variant 
java_command: org.gradle.launcher.daemon.bootstrap.GradleDaemon 5.6.2
java_class_path (initial): C:\Users\LENOVO\.gradle\wrapper\dists\gradle-5.6.2-all\9st6wgf78h16so49nn74lgtbb\gradle-5.6.2\lib\gradle-launcher-5.6.2.jar
Launcher Type: SUN_STANDARD

Environment Variables:
JAVA_HOME=C:\Program Files\Android\Android Studio\jre
CLASSPATH=D:\MATERI KULIAH\Praktikum Mobile\praktikum_mobile\android\\gradle\wrapper\gradle-wrapper.jar
PATH=D:\VMware\VMware Workstation\bin\;C:\Program Files (x86)\PC Connectivity Solution\;C:\Windows\system32;C:\Windows;C:\Windows\System32\Wbem;C:\Windows\System32\WindowsPowerShell\v1.0\;C:\Windows\System32\OpenSSH\;C:\Users\LENOVO\AppData\Roaming\npm;C:\Users\LENOVO\AppData\Local\Microsoft\WindowsApps;C:\Users\LENOVO\AppData\Local\Programs\Microsoft VS Code\bin;C:\adb;C:\Program Files\nodejs\;C:\Program Files\Git\cmd;C:\src\flutter\bin;C:\Program Files\PuTTY\;D:\MATLAB\R2016a\runtime\win64;D:\MATLAB\R2016a\bin;D:\MATLAB\R2016a\polyspace\bin;C:\Users\LENOVO\AppData\Local\Microsoft\WindowsApps;C:\Users\LENOVO\AppData\Local\Programs\Microsoft VS Code\bin;C:\Users\LENOVO\AppData\Roaming\npm;C:\Users\LENOVO\AppData\Local\GitHubDesktop\bin;C:\src\flutter\bin;C:\Users\LENOVO\AppData\Local\Microsoft\Windows\Apps;;C:\src\flutter\bin\mingit\cmd
USERNAME=LENOVO
OS=Windows_NT
PROCESSOR_IDENTIFIER=AMD64 Family 22 Model 48 Stepping 1, AuthenticAMD



---------------  S Y S T E M  ---------------

OS: Windows 10.0 , 64 bit Build 18362 (10.0.18362.1110)

CPU:total 4 (initial active 4) (4 cores per cpu, 1 threads per core) family 22 model 48 stepping 1, cmov, cx8, fxsr, mmx, sse, sse2, sse3, ssse3, sse4.1, sse4.2, popcnt, avx, aes, clmul, mmxext, 3dnowpref, lzcnt, sse4a, tsc, tscinvbit, tscinv, bmi1

Memory: 4k page, physical 3633524k(566708k free), swap 6042520k(768k free)

vm_info: OpenJDK 64-Bit Server VM (25.242-b01) for windows-amd64 JRE (1.8.0_242-release-1644-b01), built by "builder" with MS VC++ 10.0 (VS2010)

time: Thu Jan 21 11:28:17 2021
timezone: SE Asia Standard Time
elapsed time: 145 seconds (0d 0h 2m 25s)

